#
# There is insufficient memory for the Java Runtime Environment to continue.
# Native memory allocation (mmap) failed to map 335544320 bytes for G1 virtual space
# Possible reasons:
#   The system is out of physical RAM or swap space
#   The process is running with CompressedOops enabled, and the Java Heap may be blocking the growth of the native heap
# Possible solutions:
#   Reduce memory load on the system
#   Increase physical memory or swap space
#   Check if swap backing store is full
#   Decrease Java heap size (-Xmx/-Xms)
#   Decrease number of Java threads
#   Decrease Java thread stack sizes (-Xss)
#   Set larger code cache with -XX:ReservedCodeCacheSize=
#   JVM is running with Zero Based Compressed Oops mode in which the Java heap is
#     placed in the first 32GB address space. The Java Heap base address is the
#     maximum limit for the native heap growth. Please use -XX:HeapBaseMinAddress
#     to set the Java Heap base and to place the Java Heap above 32GB virtual address.
# This output file may be truncated or incomplete.
#
#  Out of Memory Error (os_windows.cpp:3617), pid=29196, tid=27708
#
# JRE version:  (17.0.8.1+1) (build )
# Java VM: OpenJDK 64-Bit Server VM (17.0.8.1+1, mixed mode, sharing, tiered, compressed oops, compressed class ptrs, g1 gc, windows-amd64)
# No core dump will be written. Minidumps are not enabled by default on client versions of Windows
#

---------------  S U M M A R Y ------------

Command Line: -Dfile.encoding=UTF-8 -Dstdout.encoding=UTF-8 -Dstderr.encoding=UTF-8 -XX:+ShowCodeDetailsInExceptionMessages zara.test.priceConsult.PriceConsultApplication

Host: 11th Gen Intel(R) Core(TM) i5-1135G7 @ 2.40GHz, 8 cores, 19G,  Windows 10 , 64 bit Build 19041 (10.0.19041.3636)
Time: Tue Mar 19 23:41:01 2024 Hora estándar romance elapsed time: 0.008716 seconds (0d 0h 0m 0s)

---------------  T H R E A D  ---------------

Current thread (0x0000021b82007f00):  JavaThread "Unknown thread" [_thread_in_vm, id=27708, stack(0x000000c353900000,0x000000c353a00000)]

Stack: [0x000000c353900000,0x000000c353a00000]
Native frames: (J=compiled Java code, j=interpreted, Vv=VM code, C=native code)
V  [jvm.dll+0x678b0a]
V  [jvm.dll+0x835e84]
V  [jvm.dll+0x83762e]
V  [jvm.dll+0x837c93]
V  [jvm.dll+0x24746f]
V  [jvm.dll+0x675859]
V  [jvm.dll+0x66a0ea]
V  [jvm.dll+0x306c7b]
V  [jvm.dll+0x30e166]
V  [jvm.dll+0x35dd3e]
V  [jvm.dll+0x35df6f]
V  [jvm.dll+0x2ddb48]
V  [jvm.dll+0x2deab4]
V  [jvm.dll+0x807f31]
V  [jvm.dll+0x36bb21]
V  [jvm.dll+0x7e733c]
V  [jvm.dll+0x3ee4af]
V  [jvm.dll+0x3f00c1]
C  [jli.dll+0x528b]
C  [ucrtbase.dll+0x21bb2]
C  [KERNEL32.DLL+0x17344]
C  [ntdll.dll+0x526b1]


---------------  P R O C E S S  ---------------

Threads class SMR info:
_java_thread_list=0x00007ffcdfc3a018, length=0, elements={
}

Java Threads: ( => current thread )

Other Threads:
  0x0000021b8207f210 GCTaskThread "GC Thread#0" [stack: 0x000000c353a00000,0x000000c353b00000] [id=29768]
  0x0000021b82089fe0 ConcurrentGCThread "G1 Main Marker" [stack: 0x000000c353b00000,0x000000c353c00000] [id=31952]
  0x0000021b8208a9f0 ConcurrentGCThread "G1 Conc#0" [stack: 0x000000c353c00000,0x000000c353d00000] [id=13544]

[error occurred during error reporting (printing all threads), id 0xc0000005, EXCEPTION_ACCESS_VIOLATION (0xc0000005) at pc=0x00007ffcdf40e587]

VM state: not at safepoint (not fully initialized)

VM Mutex/Monitor currently owned by a thread:  ([mutex/lock_event])
[0x0000021bfff4a560] Heap_lock - owner thread: 0x0000021b82007f00

Heap address: 0x00000006c3000000, size: 5072 MB, Compressed Oops mode: Zero based, Oop shift amount: 3

CDS archive(s) mapped at: [0x0000000000000000-0x0000000000000000-0x0000000000000000), size 0, SharedBaseAddress: 0x0000000800000000, ArchiveRelocationMode: 1.
Narrow klass base: 0x0000000000000000, Narrow klass shift: 0, Narrow klass range: 0x0

GC Precious Log:
<Empty>

Heap:
 garbage-first heap   total 0K, used 0K [0x00000006c3000000, 0x0000000800000000)
  region size 4096K, 0 young (0K), 0 survivors (0K)

[error occurred during error reporting (printing heap information), id 0xc0000005, EXCEPTION_ACCESS_VIOLATION (0xc0000005) at pc=0x00007ffcdf7f2699]

GC Heap History (0 events):
No events

Dll operation events (1 events):
Event: 0.005 Loaded shared library C:\Users\Usuario\Java\opnJDK17\jdk-17.0.8.1+1\bin\java.dll

Deoptimization events (0 events):
No events

Classes unloaded (0 events):
No events

Classes redefined (0 events):
No events

Internal exceptions (0 events):
No events

VM Operations (0 events):
No events

Events (0 events):
No events


Dynamic libraries:
0x00007ff646e50000 - 0x00007ff646e5e000 	C:\Users\Usuario\Java\opnJDK17\jdk-17.0.8.1+1\bin\javaw.exe
0x00007ffd6f6b0000 - 0x00007ffd6f8a8000 	C:\Windows\SYSTEM32\ntdll.dll
0x00007ffd6df00000 - 0x00007ffd6dfbd000 	C:\Windows\System32\KERNEL32.DLL
0x00007ffd6cf80000 - 0x00007ffd6d276000 	C:\Windows\System32\KERNELBASE.dll
0x00007ffd6d3a0000 - 0x00007ffd6d4a0000 	C:\Windows\System32\ucrtbase.dll
0x00007ffd64e80000 - 0x00007ffd64e97000 	C:\Users\Usuario\Java\opnJDK17\jdk-17.0.8.1+1\bin\jli.dll
0x00007ffd6d9a0000 - 0x00007ffd6db3e000 	C:\Windows\System32\USER32.dll
0x00007ffd6cdd0000 - 0x00007ffd6cdf2000 	C:\Windows\System32\win32u.dll
0x00007ffd6e0a0000 - 0x00007ffd6e0cb000 	C:\Windows\System32\GDI32.dll
0x00007ffd6d280000 - 0x00007ffd6d397000 	C:\Windows\System32\gdi32full.dll
0x00007ffd6ce00000 - 0x00007ffd6ce9d000 	C:\Windows\System32\msvcp_win.dll
0x00007ffd64ee0000 - 0x00007ffd64ef9000 	C:\Users\Usuario\Java\opnJDK17\jdk-17.0.8.1+1\bin\VCRUNTIME140.dll
0x00007ffd5f120000 - 0x00007ffd5f3ba000 	C:\Windows\WinSxS\amd64_microsoft.windows.common-controls_6595b64144ccf1df_6.0.19041.3636_none_60b6a03d71f818d5\COMCTL32.dll
0x00007ffd6ee50000 - 0x00007ffd6eeee000 	C:\Windows\System32\msvcrt.dll
0x00007ffd6eac0000 - 0x00007ffd6eaf2000 	C:\Windows\System32\IMM32.DLL
0x00007ffd65bf0000 - 0x00007ffd65bfc000 	C:\Users\Usuario\Java\opnJDK17\jdk-17.0.8.1+1\bin\vcruntime140_1.dll
0x00007ffd3f4d0000 - 0x00007ffd3f561000 	C:\Users\Usuario\Java\opnJDK17\jdk-17.0.8.1+1\bin\msvcp140.dll
0x00007ffcdf120000 - 0x00007ffcdfd6c000 	C:\Users\Usuario\Java\opnJDK17\jdk-17.0.8.1+1\bin\server\jvm.dll
0x00007ffd6f020000 - 0x00007ffd6f0d0000 	C:\Windows\System32\ADVAPI32.dll
0x00007ffd6eb00000 - 0x00007ffd6eba0000 	C:\Windows\System32\sechost.dll
0x00007ffd6eef0000 - 0x00007ffd6f015000 	C:\Windows\System32\RPCRT4.dll
0x00007ffd6cf50000 - 0x00007ffd6cf77000 	C:\Windows\System32\bcrypt.dll
0x00007ffd6c2b0000 - 0x00007ffd6c2fb000 	C:\Windows\SYSTEM32\POWRPROF.dll
0x00007ffd5e920000 - 0x00007ffd5e947000 	C:\Windows\SYSTEM32\WINMM.dll
0x00007ffd59e40000 - 0x00007ffd59e49000 	C:\Windows\SYSTEM32\WSOCK32.dll
0x00007ffd65440000 - 0x00007ffd6544a000 	C:\Windows\SYSTEM32\VERSION.dll
0x00007ffd6d880000 - 0x00007ffd6d8eb000 	C:\Windows\System32\WS2_32.dll
0x00007ffd6c170000 - 0x00007ffd6c182000 	C:\Windows\SYSTEM32\UMPDC.dll
0x00007ffd6adf0000 - 0x00007ffd6ae02000 	C:\Windows\SYSTEM32\kernel.appcore.dll
0x00007ffd65bb0000 - 0x00007ffd65bba000 	C:\Users\Usuario\Java\opnJDK17\jdk-17.0.8.1+1\bin\jimage.dll
0x00007ffd6aba0000 - 0x00007ffd6ad84000 	C:\Windows\SYSTEM32\DBGHELP.DLL
0x00007ffd63e80000 - 0x00007ffd63eb4000 	C:\Windows\SYSTEM32\dbgcore.DLL
0x00007ffd6d4a0000 - 0x00007ffd6d522000 	C:\Windows\System32\bcryptPrimitives.dll
0x00007ffd4d740000 - 0x00007ffd4d765000 	C:\Users\Usuario\Java\opnJDK17\jdk-17.0.8.1+1\bin\java.dll

dbghelp: loaded successfully - version: 4.0.5 - missing functions: none
symbol engine: initialized successfully - sym options: 0x614 - pdb path: .;C:\Users\Usuario\Java\opnJDK17\jdk-17.0.8.1+1\bin;C:\Windows\SYSTEM32;C:\Windows\WinSxS\amd64_microsoft.windows.common-controls_6595b64144ccf1df_6.0.19041.3636_none_60b6a03d71f818d5;C:\Users\Usuario\Java\opnJDK17\jdk-17.0.8.1+1\bin\server

VM Arguments:
jvm_args: -Dfile.encoding=UTF-8 -Dstdout.encoding=UTF-8 -Dstderr.encoding=UTF-8 -XX:+ShowCodeDetailsInExceptionMessages 
java_command: zara.test.priceConsult.PriceConsultApplication
java_class_path (initial): C:\Users\Usuario\eclipse-workspace2\priceConsult\priceConsult\target\classes;C:\Users\Usuario\.m2\repository\org\springframework\boot\spring-boot-starter-data-jpa\3.2.3\spring-boot-starter-data-jpa-3.2.3.jar;C:\Users\Usuario\.m2\repository\org\springframework\boot\spring-boot-starter-aop\3.2.3\spring-boot-starter-aop-3.2.3.jar;C:\Users\Usuario\.m2\repository\org\springframework\spring-aop\6.1.4\spring-aop-6.1.4.jar;C:\Users\Usuario\.m2\repository\org\aspectj\aspectjweaver\1.9.21\aspectjweaver-1.9.21.jar;C:\Users\Usuario\.m2\repository\org\springframework\boot\spring-boot-starter-jdbc\3.2.3\spring-boot-starter-jdbc-3.2.3.jar;C:\Users\Usuario\.m2\repository\com\zaxxer\HikariCP\5.0.1\HikariCP-5.0.1.jar;C:\Users\Usuario\.m2\repository\org\springframework\spring-jdbc\6.1.4\spring-jdbc-6.1.4.jar;C:\Users\Usuario\.m2\repository\org\hibernate\orm\hibernate-core\6.4.4.Final\hibernate-core-6.4.4.Final.jar;C:\Users\Usuario\.m2\repository\jakarta\persistence\jakarta.persistence-api\3.1.0\jakarta.persistence-api-3.1.0.jar;C:\Users\Usuario\.m2\repository\jakarta\transaction\jakarta.transaction-api\2.0.1\jakarta.transaction-api-2.0.1.jar;C:\Users\Usuario\.m2\repository\org\jboss\logging\jboss-logging\3.5.3.Final\jboss-logging-3.5.3.Final.jar;C:\Users\Usuario\.m2\repository\org\hibernate\common\hibernate-commons-annotations\6.0.6.Final\hibernate-commons-annotations-6.0.6.Final.jar;C:\Users\Usuario\.m2\repository\io\smallrye\jandex\3.1.2\jandex-3.1.2.jar;C:\Users\Usuario\.m2\repository\com\fasterxml\classmate\1.6.0\classmate-1.6.0.jar;C:\Users\Usuario\.m2\repository\net\bytebuddy\byte-buddy\1.14.12\byte-buddy-1.14.12.jar;C:\Users\Usuario\.m2\repository\org\glassfish\jaxb\jaxb-runtime\4.0.4\jaxb-runtime-4.0.4.jar;C:\Users\Usuario\.m2\repository\org\glassfish\jaxb\jaxb-core\4.0.4\jaxb-core-4.0.4.jar;C:\Users\Usuario\.m2\repository\org\eclipse\angus\angus-activation\2.0.1\angus-activation-2.0.1.jar;C:\Users\Usuario\.m2\repository\org\glassfish\jaxb\txw2\4.0
Launcher Type: SUN_STANDARD

[Global flags]
     intx CICompilerCount                          = 4                                         {product} {ergonomic}
     uint ConcGCThreads                            = 2                                         {product} {ergonomic}
     uint G1ConcRefinementThreads                  = 8                                         {product} {ergonomic}
   size_t G1HeapRegionSize                         = 4194304                                   {product} {ergonomic}
    uintx GCDrainStackTargetSize                   = 64                                        {product} {ergonomic}
   size_t InitialHeapSize                          = 335544320                                 {product} {ergonomic}
   size_t MarkStackSize                            = 4194304                                   {product} {ergonomic}
   size_t MaxHeapSize                              = 5318377472                                {product} {ergonomic}
   size_t MinHeapDeltaBytes                        = 4194304                                   {product} {ergonomic}
   size_t MinHeapSize                              = 8388608                                   {product} {ergonomic}
    uintx NonNMethodCodeHeapSize                   = 5839372                                {pd product} {ergonomic}
    uintx NonProfiledCodeHeapSize                  = 122909434                              {pd product} {ergonomic}
    uintx ProfiledCodeHeapSize                     = 122909434                              {pd product} {ergonomic}
    uintx ReservedCodeCacheSize                    = 251658240                              {pd product} {ergonomic}
     bool SegmentedCodeCache                       = true                                      {product} {ergonomic}
     bool ShowCodeDetailsInExceptionMessages       = true                                   {manageable} {command line}
   size_t SoftMaxHeapSize                          = 5318377472                             {manageable} {ergonomic}
     bool UseCompressedClassPointers               = true                           {product lp64_product} {ergonomic}
     bool UseCompressedOops                        = true                           {product lp64_product} {ergonomic}
     bool UseG1GC                                  = true                                      {product} {ergonomic}
     bool UseLargePagesIndividualAllocation        = false                                  {pd product} {ergonomic}

Logging:
Log output configuration:
 #0: stdout all=warning uptime,level,tags
 #1: stderr all=off uptime,level,tags

Environment Variables:
JAVA_HOME=C:\Users\Usuario\Java\opnJDK17\jdk-17.0.8.1+1
PATH=C:/Users/Usuario/eclipse-jee-2023-09-R-win32-x86_64/eclipse//plugins/org.eclipse.justj.openjdk.hotspot.jre.full.win32.x86_64_17.0.8.v20230831-1047/jre/bin/server;C:/Users/Usuario/eclipse-jee-2023-09-R-win32-x86_64/eclipse//plugins/org.eclipse.justj.openjdk.hotspot.jre.full.win32.x86_64_17.0.8.v20230831-1047/jre/bin;C:\Program Files (x86)\Common Files\Oracle\Java\javapath;C:\Windows\system32;C:\Windows;C:\Windows\System32\Wbem;C:\Windows\System32\WindowsPowerShell\v1.0\;C:\Windows\System32\OpenSSH\;C:\ProgramData\chocolatey\bin;C:\Program Files\OpenSSH-Win64;C:\Program Files (x86)\GNU\GnuPG\pub;C:\Program Files\nodejs\;C:\Program Files\TortoiseSVN\bin;C:\Program Files\Git\cmd;C:\Program Files (x86)\GitExtensions\;C:\Program Files\dotnet\;C:\Program Files\AutoFirma\AutoFirma;C:\Users\Usuario\AppData\Local\Microsoft\WindowsApps;C:\Program Files\Maven\apache-maven-3.9.5\bin;C:\Users\Usuario\Java\opnJDK17\jdk-17.0.8.1+1\bin;C:\Users\Usuario\wildfly-27.0.0.Final\bin;C:\Users\Usuario\OpenSSL-Win64\bin;;C:\Users\Usuario\eclipse-jee-2023-09-R-win32-x86_64\eclipse;
USERNAME=Usuario
OS=Windows_NT
PROCESSOR_IDENTIFIER=Intel64 Family 6 Model 140 Stepping 1, GenuineIntel
TMP=D:\Temp
TEMP=D:\Temp



---------------  S Y S T E M  ---------------

OS:
 Windows 10 , 64 bit Build 19041 (10.0.19041.3636)
OS uptime: 6 days 14:00 hours

CPU: total 8 (initial active 8) (4 cores per cpu, 2 threads per core) family 6 model 140 stepping 1 microcode 0x66, cx8, cmov, fxsr, ht, mmx, 3dnowpref, sse, sse2, sse3, ssse3, sse4.1, sse4.2, popcnt, lzcnt, tsc, tscinvbit, avx, avx2, aes, erms, clmul, bmi1, bmi2, adx, avx512f, avx512dq, avx512cd, avx512bw, avx512vl, sha, fma, vzeroupper, avx512_vpopcntdq, avx512_vpclmulqdq, avx512_vaes, avx512_vnni, clflush, clflushopt, clwb, avx512_vbmi2, avx512_vbmi
Processor Information for processor 0
  Max Mhz: 2419, Current Mhz: 2419, Mhz Limit: 2419
Processor Information for processor 1
  Max Mhz: 2419, Current Mhz: 1411, Mhz Limit: 2419
Processor Information for processor 2
  Max Mhz: 2419, Current Mhz: 2419, Mhz Limit: 2419
Processor Information for processor 3
  Max Mhz: 2419, Current Mhz: 1411, Mhz Limit: 2419
Processor Information for processor 4
  Max Mhz: 2419, Current Mhz: 1411, Mhz Limit: 2419
Processor Information for processor 5
  Max Mhz: 2419, Current Mhz: 2419, Mhz Limit: 2419
Processor Information for processor 6
  Max Mhz: 2419, Current Mhz: 1411, Mhz Limit: 2419
Processor Information for processor 7
  Max Mhz: 2419, Current Mhz: 1411, Mhz Limit: 2419

Memory: 4k page, system-wide physical 20279M (3250M free)
TotalPageFile size 22328M (AvailPageFile size 161M)
current process WorkingSet (physical memory assigned to process): 10M, peak: 10M
current process commit charge ("private bytes"): 60M, peak: 380M

vm_info: OpenJDK 64-Bit Server VM (17.0.8.1+1) for windows-amd64 JRE (17.0.8.1+1), built on Aug 23 2023 15:29:17 by "admin" with MS VC++ 16.7 (VS2019)

END.
